This is pdfTeX, Version 3.14159265-2.6-1.40.17 (TeX Live 2016/Debian) (preloaded format=latex 2017.10.27)  27 OCT 2017 14:06
entering extended mode
 restricted \write18 enabled.
 file:line:error style messages enabled.
 %&-line parsing enabled.
**cover_de.tex
(./cover_de.tex
LaTeX2e <2017/01/01> patch level 3
Babel <3.9r> and hyphenation patterns for 8 language(s) loaded.
./cover_de.tex:8: Undefined control sequence.
<argument> \undefinedpagestyle 
                               
l.8 \thispagestyle{headings}
                            
? 
./cover_de.tex:8: Emergency stop.
<argument> \undefinedpagestyle 
                               
l.8 \thispagestyle{headings}
                            
End of file on the terminal!

 
Here is how much of TeX's memory you used:
 6 strings out of 494894
 149 string characters out of 6178697
 46116 words of memory out of 5000000
 3417 multiletter control sequences out of 15000+600000
 3640 words of font info for 14 fonts, out of 8000000 for 9000
 14 hyphenation exceptions out of 8191
 5i,0n,3p,63b,8s stack positions out of 5000i,500n,10000p,200000b,80000s
No pages of output.
